   162.5ms (setup:858): 2025-01-26 22:46:17
   162.5ms (setup:859): /usr/bin/pipx install buildozer
   162.6ms (setup:860): pipx version is 1.4.3
   162.6ms (setup:861): Default python interpreter is '/usr/bin/python3'
   162.6ms (mkdir:74): creating directory /home/sergiox76/.local/share/pipx/venvs
   162.9ms (mkdir:74): creating directory /home/sergiox76/.local/share/man
   163.6ms (mkdir:74): creating directory /home/sergiox76/.cache/pipx
   163.8ms (setup:870): Adding CACHEDIR.TAG to cache directory
   164.4ms (package_name_from_spec:370): Determined package name: buildozer
   164.5ms (package_name_from_spec:371): Package name determined in 0.0s
   165.2ms (run_subprocess:168): running /usr/bin/python3 -m venv --without-pip /home/sergiox76/.local/share/pipx/venvs/buildozer
   217.4ms (run_subprocess:190): stdout:
   217.5ms (run_subprocess:192): stderr:
   217.5ms (run_subprocess:193): returncode: 0
   218.4ms (run_subprocess:168): running /usr/bin/python3 -m venv --clear /home/sergiox76/.local/share/pipx/shared
  3003.9ms (run_subprocess:190): stdout:
  3004.0ms (run_subprocess:192): stderr:
  3004.1ms (run_subprocess:193): returncode: 0
  3004.4ms (run_subprocess:168): running <checking pip's availability>
  3018.8ms (run_subprocess:190): stdout: ModuleSpec(name='pip', loader=<_frozen_importlib_external.SourceFileLoader object at 0x7f00effb7d40>, origin='/home/sergiox76/.local/share/pipx/shared/lib/python3.12/site-packages/pip/__init__.py', submodule_search_locations=['/home/sergiox76/.local/share/pipx/shared/lib/python3.12/site-packages/pip'])
  3018.9ms (run_subprocess:193): returncode: 0
  3019.0ms (upgrade:98): Upgrading shared libraries in /home/sergiox76/.local/share/pipx/shared
  3019.6ms (run_subprocess:168): running /home/sergiox76/.local/share/pipx/shared/bin/python -m pip --no-input --disable-pip-version-check install --force-reinstall -q --upgrade pip >= 23.1
 16863.9ms (run_subprocess:190): stdout:
 16864.0ms (run_subprocess:192): stderr:
 16864.0ms (run_subprocess:193): returncode: 0
 16864.2ms (run_subprocess:168): running /home/sergiox76/.local/share/pipx/venvs/buildozer/bin/python -c import sysconfig; print(sysconfig.get_path('purelib'))
 16880.4ms (run_subprocess:190): stdout: /home/sergiox76/.local/share/pipx/venvs/buildozer/lib/python3.12/site-packages
 16880.5ms (run_subprocess:193): returncode: 0
 16880.6ms (run_subprocess:168): running /home/sergiox76/.local/share/pipx/shared/bin/python -c import sysconfig; print(sysconfig.get_path('purelib'))
 16901.1ms (run_subprocess:190): stdout: /home/sergiox76/.local/share/pipx/shared/lib/python3.12/site-packages
 16901.2ms (run_subprocess:193): returncode: 0
 16901.4ms (run_subprocess:168): running /home/sergiox76/.local/share/pipx/venvs/buildozer/bin/python --version
 16902.7ms (run_subprocess:190): stdout: Python 3.12.3
 16902.7ms (run_subprocess:192): stderr:
 16902.7ms (run_subprocess:193): returncode: 0
 16902.9ms (_parsed_package_to_package_or_url:137): cleaned package spec: buildozer
 16903.3ms (run_subprocess:168): running /home/sergiox76/.local/share/pipx/venvs/buildozer/bin/python -m pip --no-input install buildozer
 18308.7ms (run_subprocess:193): returncode: 0
 18309.3ms (run_subprocess:168): running <fetch_info_in_venv commands>
 18327.3ms (run_subprocess:190): stdout: {"sys_path": ["/usr/lib/python312.zip", "/usr/lib/python3.12", "/usr/lib/python3.12/lib-dynload", "/home/sergiox76/.local/share/pipx/venvs/buildozer/lib/python3.12/site-packages", "/home/sergiox76/.local/share/pipx/shared/lib/python3.12/site-packages"], "python_version": "3.12.3", "environment": {"implementation_name": "cpython", "implementation_version": "3.12.3", "os_name": "posix", "platform_machine": "x86_64", "platform_release": "5.15.167.4-microsoft-standard-WSL2", "platform_system": "Linux", "platform_version": "#1 SMP Tue Nov 5 00:21:55 UTC 2024", "python_full_version": "3.12.3", "platform_python_implementation": "CPython", "python_version": "3.12", "sys_platform": "linux"}}
 18327.4ms (run_subprocess:193): returncode: 0
 18367.5ms (get_venv_metadata_for_package:339): get_venv_metadata_for_package: 58ms
 18367.7ms (_parsed_package_to_package_or_url:137): cleaned package spec: buildozer
 18368.3ms (_symlink_package_resource:146): ⚠️  File exists at /home/sergiox76/.local/bin/buildozer and points to /home/sergiox76/.local/bin/buildozer, not
    /home/sergiox76/.local/share/pipx/venvs/buildozer/bin/buildozer. Not modifying.
 18368.7ms (_symlink_package_resource:146): ⚠️  File exists at /home/sergiox76/.local/bin/buildozer-remote and points to /home/sergiox76/.local/bin/buildozer-remote, not
    /home/sergiox76/.local/share/pipx/venvs/buildozer/bin/buildozer-remote. Not modifying.
 18369.3ms (run_subprocess:168): running <checking pip's availability>
 18384.8ms (run_subprocess:190): stdout: ModuleSpec(name='pip', loader=<_frozen_importlib_external.SourceFileLoader object at 0x7f4f9bdefd40>, origin='/home/sergiox76/.local/share/pipx/shared/lib/python3.12/site-packages/pip/__init__.py', submodule_search_locations=['/home/sergiox76/.local/share/pipx/shared/lib/python3.12/site-packages/pip'])
 18384.9ms (run_subprocess:193): returncode: 0
 18385.0ms (run_subprocess:168): running <checking pip's availability>
 18400.9ms (run_subprocess:190): stdout: ModuleSpec(name='pip', loader=<_frozen_importlib_external.SourceFileLoader object at 0x7f5a39237d40>, origin='/home/sergiox76/.local/share/pipx/shared/lib/python3.12/site-packages/pip/__init__.py', submodule_search_locations=['/home/sergiox76/.local/share/pipx/shared/lib/python3.12/site-packages/pip'])
 18401.0ms (run_subprocess:193): returncode: 0
 18678.1ms (warn_if_not_on_path:466): ⚠️  Note: '/home/sergiox76/.local/bin' is not on your PATH environment variable. These apps will not be globally accessible until your PATH is updated. Run
    `pipx ensurepath` to automatically add it, or manually modify your PATH in your shell's config file (i.e. ~/.bashrc).
 18678.3ms (cli:932): pipx finished.
